SF:lib\features\artist\domain\entity\artist_entity.dart
DA:8,1
DA:14,0
DA:16,0
LF:3
LH:1
end_of_record
SF:lib\features\artist\domain\usecases\artist_usecase.dart
DA:7,3
DA:8,2
DA:9,2
DA:16,1
DA:19,1
DA:20,2
DA:23,0
DA:24,0
LF:8
LH:6
end_of_record
SF:lib\features\artist\presentation\viewmodel\artist_view_model.dart
DA:7,6
DA:8,1
DA:9,3
DA:14,6
DA:15,2
DA:20,0
DA:21,0
DA:22,0
DA:26,2
DA:28,6
DA:29,2
DA:30,4
DA:31,2
DA:32,2
DA:35,4
DA:36,1
DA:37,0
DA:38,0
DA:39,0
DA:40,0
DA:42,1
DA:43,1
DA:44,0
DA:47,3
DA:49,2
DA:57,0
DA:62,0
DA:63,0
DA:64,0
DA:65,0
DA:66,0
DA:67,0
DA:68,0
DA:69,0
DA:71,0
DA:72,0
LF:36
LH:17
end_of_record
SF:lib\core\failure\failure.dart
DA:5,1
LF:1
LH:1
end_of_record
SF:lib\features\artist\domain\repository\artist_repository.dart
DA:7,4
DA:8,2
LF:2
LH:2
end_of_record
SF:lib\features\artist\data\data_source\remote\artist_remote_data_source.dart
DA:11,3
DA:12,2
DA:13,2
DA:14,2
DA:15,2
DA:24,1
DA:30,1
DA:34,2
DA:35,0
DA:36,0
DA:37,0
DA:40,0
DA:41,0
DA:42,0
DA:44,0
DA:49,0
DA:51,0
DA:52,0
DA:53,0
DA:54,0
DA:61,0
DA:62,0
DA:63,0
DA:64,0
DA:68,0
DA:69,0
DA:70,0
DA:71,0
DA:77,0
DA:81,0
DA:82,0
DA:83,0
DA:84,0
DA:87,0
DA:88,0
DA:89,0
DA:92,0
DA:93,0
DA:94,0
DA:96,0
DA:97,0
DA:98,0
DA:99,0
DA:103,0
DA:104,0
DA:105,0
DA:106,0
LF:47
LH:8
end_of_record
SF:lib\app\constants\api_endpoint.dart
DA:2,0
LF:1
LH:0
end_of_record
SF:lib\core\networking\remote\http_service.dart
DA:7,6
DA:8,8
DA:14,4
DA:16,2
DA:17,2
DA:18,4
DA:19,4
DA:20,4
DA:21,6
DA:22,6
DA:24,6
LF:11
LH:11
end_of_record
SF:lib\core\shared_prefs\auth_shared_prefs.dart
DA:7,8
DA:8,2
DA:14,0
DA:16,0
DA:17,0
DA:18,0
DA:20,0
DA:25,2
DA:27,2
DA:28,0
DA:29,0
DA:31,0
DA:36,0
DA:38,0
DA:39,0
DA:40,0
DA:42,0
DA:47,0
DA:49,0
DA:50,0
DA:51,0
DA:53,0
DA:58,0
DA:60,0
DA:61,0
DA:62,0
DA:64,0
DA:69,0
DA:71,0
DA:72,0
DA:73,0
DA:75,0
LF:32
LH:4
end_of_record
SF:lib\features\artist\data\model\artist_api_model.dart
DA:6,3
DA:7,2
DA:17,0
DA:23,1
DA:29,0
DA:30,0
DA:31,0
DA:32,0
DA:33,0
DA:38,0
DA:39,0
DA:40,0
DA:41,0
DA:46,0
DA:47,0
DA:48,0
DA:49,0
DA:53,0
DA:54,0
DA:55,0
DA:56,0
DA:60,0
DA:61,0
DA:63,0
DA:64,0
LF:25
LH:3
end_of_record
SF:lib\features\artist\data\repository\artist_remote_repository.dart
DA:8,3
DA:9,2
DA:10,2
DA:17,1
DA:19,1
DA:21,2
DA:24,0
DA:26,0
LF:8
LH:6
end_of_record
SF:lib\features\artist\presentation\state\artist_state.dart
DA:11,2
DA:20,2
DA:21,2
DA:22,2
DA:31,2
DA:39,2
DA:40,2
DA:41,0
DA:42,2
DA:43,2
DA:44,2
DA:45,2
LF:12
LH:11
end_of_record
SF:lib\core\common\my_snackbar.dart
DA:4,5
DA:8,2
DA:9,12
DA:10,6
LF:4
LH:4
end_of_record
SF:lib\app\navigator_key\navigator_key.dart
DA:4,0
DA:6,18
LF:2
LH:1
end_of_record
SF:lib\core\networking\remote\dio_error_interceptor.dart
DA:4,0
DA:6,0
DA:8,0
DA:9,0
DA:10,0
DA:11,0
DA:12,0
DA:13,0
DA:16,0
DA:17,0
DA:18,0
DA:20,0
DA:25,0
DA:26,0
DA:28,0
DA:31,0
LF:16
LH:0
end_of_record
SF:lib\features\authentication\domain\entity\auth_entity.dart
DA:15,2
DA:28,0
DA:30,0
LF:3
LH:1
end_of_record
SF:lib\features\genre\domain\entity\genre_entity.dart
DA:7,1
DA:12,0
DA:14,0
LF:3
LH:1
end_of_record
SF:lib\features\search\presentation\view_model\search_view_model.dart
DA:6,3
DA:7,0
DA:8,0
DA:9,0
DA:14,3
DA:15,2
DA:21,0
DA:22,0
DA:23,0
DA:26,1
DA:27,3
DA:28,1
DA:29,2
DA:30,1
DA:31,1
DA:34,2
DA:35,1
DA:36,0
DA:37,0
DA:40,0
DA:42,0
DA:44,1
DA:45,1
DA:46,0
DA:52,3
DA:54,2
DA:63,0
LF:27
LH:15
end_of_record
SF:lib\features\song\domain\usecases\song_usecase.dart
DA:7,3
DA:8,2
DA:9,2
DA:16,1
DA:19,1
DA:20,2
DA:24,1
DA:25,2
DA:29,1
DA:30,2
DA:33,0
DA:34,0
DA:37,0
DA:38,0
DA:41,0
DA:42,0
LF:16
LH:10
end_of_record
SF:lib\features\song\presentation\state\song_state.dart
DA:10,3
DA:18,3
DA:19,3
DA:20,3
DA:28,3
DA:35,3
DA:36,3
DA:37,0
DA:38,3
DA:39,3
DA:40,3
LF:11
LH:10
end_of_record
SF:lib\features\song\data\data_source\remote\song_remote_datasource.dart
DA:11,3
DA:12,2
DA:13,2
DA:14,2
DA:15,2
DA:24,1
DA:30,1
DA:34,2
DA:35,0
DA:36,0
DA:37,0
DA:40,0
DA:41,0
DA:42,0
DA:44,0
DA:49,0
DA:51,0
DA:52,0
DA:53,0
DA:54,0
DA:61,0
DA:62,0
DA:63,0
DA:64,0
DA:68,0
DA:69,0
DA:70,0
DA:71,0
DA:77,1
DA:81,2
DA:82,0
DA:83,0
DA:84,0
DA:87,0
DA:88,0
DA:89,0
DA:91,0
DA:96,0
DA:98,0
DA:99,0
DA:100,0
DA:101,0
DA:108,0
DA:109,0
DA:110,0
DA:111,0
DA:115,0
DA:116,0
DA:117,0
DA:118,0
DA:124,1
DA:128,2
DA:129,0
DA:130,0
DA:131,0
DA:134,0
DA:135,0
DA:136,0
DA:138,0
DA:143,0
DA:145,0
DA:146,0
DA:147,0
DA:148,0
DA:155,0
DA:156,0
DA:157,0
DA:158,0
DA:162,0
DA:163,0
DA:164,0
DA:165,0
DA:171,0
DA:175,0
DA:176,0
DA:177,0
DA:178,0
DA:181,0
DA:182,0
DA:183,0
DA:185,0
DA:191,0
DA:193,0
DA:194,0
DA:195,0
DA:196,0
DA:203,0
DA:204,0
DA:205,0
DA:206,0
DA:210,0
DA:211,0
DA:212,0
DA:213,0
DA:220,0
DA:224,0
DA:225,0
DA:226,0
DA:227,0
DA:230,0
DA:231,0
DA:232,0
DA:234,0
DA:240,0
DA:242,0
DA:243,0
DA:244,0
DA:245,0
DA:252,0
DA:253,0
DA:254,0
DA:255,0
DA:259,0
DA:260,0
DA:261,0
DA:262,0
DA:268,0
DA:272,0
DA:273,0
DA:274,0
DA:275,0
DA:278,0
DA:279,0
DA:280,0
DA:282,0
DA:288,0
DA:290,0
DA:291,0
DA:292,0
DA:293,0
DA:300,0
DA:301,0
DA:302,0
DA:303,0
DA:307,0
DA:308,0
DA:309,0
DA:310,0
LF:138
LH:12
end_of_record
SF:lib\features\song\data\model\song_api_model.dart
DA:8,3
DA:9,2
DA:24,8
DA:35,1
DA:46,0
DA:47,0
DA:48,0
DA:49,0
DA:50,0
DA:51,0
DA:52,0
DA:53,0
DA:54,0
DA:55,0
DA:60,0
DA:61,0
DA:62,0
DA:63,0
DA:64,0
DA:65,0
DA:66,0
DA:67,0
DA:68,0
DA:69,0
DA:74,0
DA:75,0
DA:76,0
DA:77,0
DA:78,0
DA:79,0
DA:80,0
DA:81,0
DA:82,0
DA:86,0
DA:87,0
DA:88,0
DA:89,0
DA:90,0
DA:91,0
DA:92,0
DA:93,0
DA:94,0
DA:98,0
DA:99,0
DA:101,0
DA:102,0
LF:46
LH:4
end_of_record
SF:lib\features\song\domain\entity\song_entity.dart
DA:15,4
DA:26,0
DA:28,0
LF:3
LH:1
end_of_record
SF:lib\features\song\data\repository\song_remote_repository.dart
DA:8,3
DA:9,2
DA:10,2
DA:17,1
DA:19,1
DA:21,2
DA:24,1
DA:26,2
DA:29,1
DA:31,2
DA:34,0
DA:36,0
DA:39,0
DA:41,0
DA:44,0
DA:46,0
LF:16
LH:10
end_of_record
SF:lib\features\song\domain\repository\song_repository.dart
DA:7,4
DA:8,2
LF:2
LH:2
end_of_record
SF:lib\features\authentication\domain\usecases\auth_usecase.dart
DA:9,4
DA:10,3
DA:16,1
DA:18,0
DA:19,0
DA:22,0
DA:24,0
DA:27,1
DA:28,2
DA:31,0
DA:32,0
DA:35,0
DA:36,0
LF:13
LH:5
end_of_record
SF:lib\features\authentication\presentation\navigator\register_navigator.dart
DA:6,0
DA:11,0
DA:12,0
LF:3
LH:0
end_of_record
SF:lib\features\dashboard\presentation\navigator\dashboard_navigator.dart
DA:7,1
DA:8,1
LF:2
LH:2
end_of_record
SF:lib\features\authentication\presentation\navigator\login_navigator.dart
DA:7,5
DA:12,0
DA:13,0
LF:3
LH:1
end_of_record
SF:lib\features\authentication\presentation\viewmodel\auth_view_model.dart
DA:10,6
DA:11,0
DA:12,0
DA:13,0
DA:18,6
DA:22,1
DA:23,3
DA:24,2
DA:25,1
DA:26,0
DA:27,0
DA:29,0
DA:31,0
DA:33,1
DA:34,3
DA:35,1
DA:41,2
DA:45,6
DA:46,4
DA:47,2
DA:48,1
DA:49,4
DA:50,2
DA:52,2
DA:53,6
DA:55,2
DA:60,0
DA:62,0
DA:63,0
DA:64,0
DA:65,0
DA:66,0
DA:67,0
DA:69,0
DA:70,0
DA:72,0
DA:77,0
DA:78,0
DA:81,2
DA:82,4
DA:85,0
DA:86,0
LF:42
LH:21
end_of_record
SF:lib\app\constants\theme_constant.dart
DA:4,0
LF:1
LH:0
end_of_record
SF:lib\app\navigator\navigator.dart
DA:5,0
DA:8,1
DA:9,1
DA:10,3
DA:11,2
DA:16,0
DA:17,0
DA:18,0
DA:19,0
DA:24,0
DA:25,0
DA:26,0
LF:12
LH:4
end_of_record
SF:lib\features\artist\presentation\view\artist_view.dart
DA:12,0
DA:14,0
DA:15,0
DA:21,0
DA:23,0
DA:24,0
DA:27,0
DA:28,0
DA:29,0
DA:30,0
DA:33,0
DA:36,0
DA:37,0
DA:38,0
DA:40,0
DA:41,0
DA:42,0
DA:55,0
DA:56,0
DA:57,0
DA:58,0
DA:62,0
DA:63,0
DA:66,0
DA:70,0
DA:78,0
DA:79,0
DA:81,0
DA:83,0
DA:84,0
DA:86,0
DA:87,0
DA:89,0
DA:95,0
DA:106,0
DA:107,0
DA:108,0
DA:109,0
DA:110,0
DA:111,0
DA:112,0
DA:116,0
DA:117,0
DA:118,0
DA:126,0
DA:127,0
DA:129,0
DA:130,0
DA:132,0
DA:138,0
DA:139,0
DA:143,0
DA:144,0
DA:146,0
DA:148,0
DA:149,0
DA:150,0
DA:151,0
DA:152,0
DA:153,0
DA:157,0
DA:158,0
DA:159,0
DA:165,0
DA:166,0
DA:167,0
DA:172,0
DA:174,0
DA:175,0
DA:176,0
DA:177,0
DA:182,0
DA:183,0
DA:186,0
DA:187,0
DA:188,0
DA:195,0
DA:196,0
DA:197,0
DA:205,0
DA:206,0
DA:207,0
DA:208,0
DA:209,0
DA:215,0
LF:85
LH:0
end_of_record
SF:lib\features\player\presentation\view\song_player_view.dart
DA:15,0
DA:17,0
DA:18,0
DA:29,0
DA:31,0
DA:32,0
DA:33,0
DA:34,0
DA:35,0
DA:36,0
DA:39,0
DA:40,0
DA:42,0
DA:43,0
DA:44,0
DA:45,0
DA:46,0
DA:49,0
DA:50,0
DA:51,0
DA:55,0
DA:56,0
DA:57,0
DA:58,0
DA:59,0
DA:60,0
DA:65,0
DA:69,0
DA:70,0
DA:71,0
DA:74,0
DA:75,0
DA:79,0
DA:81,0
DA:82,0
DA:83,0
DA:86,0
DA:87,0
DA:88,0
DA:90,0
DA:92,0
DA:93,0
DA:97,0
DA:98,0
DA:99,0
DA:100,0
DA:103,0
DA:104,0
DA:105,0
DA:106,0
DA:107,0
DA:108,0
DA:109,0
DA:110,0
DA:111,0
DA:112,0
DA:113,0
DA:120,0
DA:121,0
DA:124,0
DA:126,0
DA:127,0
DA:128,0
DA:129,0
DA:130,0
DA:134,0
DA:135,0
DA:137,0
DA:138,0
DA:141,0
DA:142,0
DA:143,0
DA:144,0
DA:145,0
DA:146,0
DA:147,0
DA:148,0
DA:151,0
DA:152,0
DA:153,0
DA:154,0
DA:156,0
DA:162,0
DA:163,0
DA:171,0
DA:172,0
DA:180,0
DA:182,0
DA:185,0
DA:186,0
DA:192,0
DA:193,0
DA:199,0
DA:201,0
DA:202,0
DA:203,0
DA:205,0
DA:206,0
DA:207,0
DA:212,0
DA:213,0
DA:215,0
DA:216,0
DA:217,0
DA:218,0
DA:219,0
DA:225,0
DA:231,0
DA:233,0
DA:234,0
DA:237,0
DA:239,0
DA:240,0
DA:241,0
DA:247,0
DA:249,0
DA:252,0
LF:117
LH:0
end_of_record
SF:lib\features\song\presentation\viewmodel\artist_song_view_model.dart
DA:7,0
DA:8,0
DA:9,0
DA:10,0
DA:15,0
DA:16,0
DA:22,0
DA:23,0
DA:24,0
DA:27,0
DA:28,0
DA:30,0
DA:32,0
DA:33,0
DA:34,0
DA:37,0
DA:38,0
DA:39,0
DA:40,0
DA:43,0
DA:45,0
DA:47,0
DA:48,0
DA:49,0
DA:55,0
DA:57,0
DA:60,0
DA:66,0
DA:68,0
DA:70,0
LF:30
LH:0
end_of_record
SF:lib\features\authentication\data\data_source\dto\get_current_user_dto.dart
DA:17,0
DA:27,0
DA:28,0
DA:29,0
DA:30,0
DA:31,0
DA:32,0
DA:33,0
DA:34,0
DA:35,0
DA:39,0
DA:40,0
DA:42,0
LF:13
LH:0
end_of_record
SF:lib\features\authentication\data\data_source\dto\get_current_user_dto.g.dart
DA:9,0
DA:10,0
DA:11,0
DA:12,0
DA:13,0
DA:14,0
DA:15,0
DA:16,0
DA:17,0
DA:20,0
DA:21,0
DA:22,0
DA:23,0
DA:24,0
DA:25,0
DA:26,0
DA:27,0
DA:28,0
LF:18
LH:0
end_of_record
SF:lib\features\authentication\data\data_source\remote\auth_remote_datasource.dart
DA:14,3
DA:15,2
DA:16,2
DA:17,2
DA:25,1
DA:27,0
DA:29,0
DA:31,0
DA:32,0
DA:33,0
DA:34,0
DA:35,0
DA:38,0
DA:41,0
DA:42,0
DA:43,0
DA:44,0
DA:48,0
DA:49,0
DA:50,0
DA:51,0
DA:52,0
DA:59,0
DA:65,0
DA:66,0
DA:67,0
DA:68,0
DA:72,0
DA:74,0
DA:75,0
DA:76,0
DA:77,0
DA:83,0
DA:86,0
DA:87,0
DA:91,0
DA:92,0
DA:93,0
DA:94,0
DA:95,0
DA:96,0
DA:102,0
DA:107,0
DA:109,0
DA:114,0
DA:117,0
DA:118,0
DA:121,0
DA:122,0
DA:123,0
DA:124,0
DA:128,0
DA:129,0
DA:130,0
DA:131,0
DA:132,0
DA:138,1
DA:142,2
DA:143,0
DA:144,0
DA:145,0
DA:148,0
DA:150,0
DA:151,0
DA:155,0
DA:157,0
DA:169,0
DA:171,0
DA:172,0
DA:173,0
DA:174,0
DA:178,0
DA:179,0
DA:180,0
DA:181,0
DA:182,0
DA:188,0
DA:190,0
DA:193,0
DA:194,0
DA:196,0
LF:81
LH:7
end_of_record
SF:lib\features\authentication\data\model\auth_api_model.dart
DA:19,0
DA:31,0
DA:32,0
DA:34,0
DA:37,0
DA:38,0
DA:39,0
DA:40,0
DA:41,0
DA:42,0
DA:43,0
DA:44,0
DA:45,0
DA:46,0
DA:47,0
LF:15
LH:0
end_of_record
SF:lib\features\authentication\data\model\auth_api_model.g.dart
DA:9,0
DA:10,0
DA:11,0
DA:12,0
DA:13,0
DA:14,0
DA:15,0
DA:16,0
DA:17,0
DA:18,0
DA:19,0
DA:20,0
DA:23,0
DA:24,0
DA:25,0
DA:26,0
DA:27,0
DA:28,0
DA:29,0
DA:30,0
DA:31,0
DA:32,0
DA:33,0
LF:23
LH:0
end_of_record
SF:lib\features\authentication\data\repository\auth_remote_repository.dart
DA:10,4
DA:11,1
DA:12,2
DA:19,1
DA:21,0
DA:23,0
DA:26,0
DA:28,0
DA:31,0
DA:33,0
DA:36,1
DA:38,2
DA:41,0
DA:43,0
LF:14
LH:6
end_of_record
SF:lib\features\authentication\domain\repository\auth_repository.dart
DA:10,4
DA:11,2
LF:2
LH:2
end_of_record
SF:lib\features\authentication\presentation\view\login_view.dart
DA:7,25
DA:9,1
DA:10,1
DA:22,1
DA:24,1
DA:25,1
DA:26,0
DA:28,0
DA:30,1
DA:31,1
DA:32,1
DA:33,1
DA:38,1
DA:40,1
DA:54,1
DA:56,1
DA:57,1
DA:58,1
DA:59,1
DA:60,1
DA:61,1
DA:62,1
DA:63,1
DA:77,1
DA:78,1
DA:79,1
DA:80,1
DA:81,1
DA:87,1
DA:91,1
DA:94,1
DA:95,2
DA:98,0
DA:99,0
DA:100,0
DA:106,1
DA:107,1
DA:109,1
DA:110,0
DA:121,1
DA:122,1
DA:124,1
DA:125,1
DA:126,3
DA:127,1
DA:128,3
DA:129,3
DA:130,2
DA:142,1
DA:148,1
DA:149,1
DA:155,1
DA:157,1
DA:162,1
DA:163,0
DA:164,0
DA:165,0
DA:166,0
LF:58
LH:48
end_of_record
SF:lib\features\authentication\presentation\view\register_view.dart
DA:11,9
DA:13,1
DA:14,1
DA:30,1
DA:32,1
DA:33,1
DA:34,0
DA:36,0
DA:38,1
DA:39,1
DA:40,1
DA:41,1
DA:46,1
DA:48,1
DA:60,1
DA:62,1
DA:63,1
DA:64,1
DA:65,1
DA:66,1
DA:67,1
DA:68,0
DA:69,0
DA:83,1
DA:84,1
DA:85,1
DA:86,0
DA:87,0
DA:101,1
DA:102,1
DA:103,1
DA:104,0
DA:105,0
DA:119,1
DA:120,1
DA:121,1
DA:122,0
DA:123,0
DA:129,1
DA:133,1
DA:136,1
DA:137,2
DA:140,0
DA:141,0
DA:142,0
DA:148,1
DA:149,1
DA:151,1
DA:152,1
DA:167,1
DA:178,1
DA:184,1
DA:185,1
DA:191,1
DA:193,1
DA:198,1
DA:199,0
DA:200,0
LF:58
LH:43
end_of_record
SF:lib\features\authentication\presentation\state\auth_state.dart
DA:6,2
DA:12,2
DA:13,2
DA:20,2
DA:25,2
DA:26,0
DA:27,2
DA:28,2
DA:32,0
DA:33,0
LF:10
LH:7
end_of_record
SF:lib\features\dashboard\presentation\view\dashboard_view.dart
DA:10,8
DA:12,1
DA:13,1
DA:27,1
DA:29,1
DA:31,3
DA:32,2
DA:35,1
DA:38,2
DA:39,1
DA:42,0
DA:44,0
DA:45,0
DA:48,0
DA:53,1
DA:55,1
DA:56,3
DA:57,1
DA:58,1
DA:59,0
DA:60,0
DA:61,0
LF:22
LH:15
end_of_record
SF:lib\features\home\presentation\view\home_view.dart
DA:22,8
DA:24,1
DA:25,1
DA:40,1
DA:42,1
DA:43,3
DA:44,3
DA:45,3
DA:46,3
DA:49,1
DA:51,2
DA:52,2
DA:53,2
DA:54,2
DA:55,2
DA:56,1
DA:59,0
DA:60,0
DA:61,0
DA:62,0
DA:64,0
DA:65,0
DA:66,0
DA:68,0
DA:69,0
DA:70,0
DA:72,0
DA:73,0
DA:78,0
DA:79,0
DA:80,0
DA:81,0
DA:82,0
DA:83,0
DA:84,0
DA:87,1
DA:88,2
DA:89,1
DA:91,1
DA:98,0
DA:99,0
DA:100,0
DA:102,0
DA:106,1
DA:108,3
DA:109,1
DA:110,3
DA:111,1
DA:112,3
DA:113,1
DA:114,3
DA:115,1
DA:116,3
DA:117,1
DA:119,3
DA:121,1
DA:122,1
DA:125,1
DA:126,1
DA:127,0
DA:128,0
DA:130,1
DA:132,1
DA:134,1
DA:135,1
DA:136,1
DA:138,1
DA:139,1
DA:140,1
DA:141,2
DA:151,1
DA:153,1
DA:154,1
DA:155,1
DA:156,0
DA:157,0
DA:159,0
DA:160,0
DA:164,1
DA:165,1
DA:166,1
DA:178,1
DA:180,1
DA:182,1
DA:183,1
DA:184,1
DA:185,1
DA:186,1
DA:187,1
DA:199,1
DA:200,1
DA:202,1
DA:203,1
DA:204,1
DA:205,1
DA:206,1
DA:207,1
DA:208,0
DA:209,0
DA:211,0
DA:212,0
DA:213,0
DA:215,0
DA:216,0
DA:217,0
DA:218,0
DA:219,0
DA:220,0
DA:221,0
DA:223,0
DA:225,0
DA:226,0
DA:227,0
DA:228,0
DA:230,0
DA:242,1
DA:243,1
DA:244,1
DA:245,1
DA:258,1
DA:259,1
DA:262,1
DA:263,1
DA:264,0
DA:266,0
DA:267,0
DA:268,0
DA:269,0
DA:270,0
DA:271,0
DA:272,0
DA:276,0
DA:280,0
DA:281,0
DA:286,1
DA:291,1
DA:293,1
DA:295,1
DA:296,1
DA:302,1
DA:304,1
DA:307,2
DA:309,1
DA:310,2
DA:311,1
DA:313,1
DA:319,0
DA:321,0
DA:322,0
DA:323,0
DA:325,0
DA:327,0
DA:328,0
DA:329,0
DA:330,0
DA:331,0
DA:332,0
DA:336,0
DA:337,0
DA:341,0
DA:347,0
DA:350,0
DA:359,0
DA:360,0
DA:369,0
DA:373,0
DA:376,0
DA:377,0
LF:168
LH:88
end_of_record
SF:lib\features\library\presentation\view\library_view.dart
DA:11,8
DA:13,0
DA:14,0
DA:20,0
DA:22,0
DA:23,0
DA:24,0
DA:27,0
DA:29,0
DA:30,0
DA:33,0
DA:34,0
DA:38,0
DA:40,0
DA:41,0
DA:43,0
DA:44,0
DA:45,0
DA:47,0
DA:48,0
DA:50,0
DA:51,0
DA:63,0
DA:64,0
DA:65,0
DA:66,0
DA:68,0
DA:69,0
DA:70,0
DA:71,0
DA:76,0
DA:77,0
DA:78,0
LF:33
LH:1
end_of_record
SF:lib\features\profile\presentation\view\profile_view.dart
DA:13,8
DA:15,0
DA:16,0
DA:20,0
DA:22,0
DA:23,0
DA:33,0
DA:34,0
DA:35,0
DA:36,0
DA:38,0
DA:39,0
DA:40,0
DA:41,0
DA:43,0
DA:44,0
DA:46,0
DA:55,0
DA:57,0
DA:58,0
DA:64,0
DA:66,0
DA:68,0
DA:69,0
DA:70,0
DA:72,0
DA:73,0
DA:75,0
DA:76,0
DA:77,0
DA:80,0
DA:81,0
DA:88,0
DA:89,0
DA:93,0
DA:94,0
DA:98,0
DA:99,0
DA:103,0
DA:104,0
DA:112,0
DA:117,0
DA:118,0
DA:122,0
DA:127,0
DA:128,0
DA:136,0
DA:139,0
DA:141,0
DA:143,0
DA:153,0
DA:160,0
DA:162,0
DA:163,0
DA:165,0
DA:166,0
DA:168,0
DA:170,0
DA:171,0
LF:59
LH:1
end_of_record
SF:lib\features\sensors\domain\usecases\double_shake_use_case.dart
DA:11,1
DA:13,1
DA:14,1
DA:15,2
DA:16,0
DA:17,0
DA:18,0
DA:20,0
DA:22,0
DA:23,0
DA:28,1
DA:29,2
LF:12
LH:6
end_of_record
SF:lib\features\favorite\data\data_source\favorite_remote_data_source.dart
DA:11,0
DA:12,0
DA:13,0
DA:14,0
DA:15,0
DA:23,0
DA:28,0
DA:33,0
DA:34,0
DA:35,0
DA:36,0
DA:39,0
DA:41,0
DA:42,0
DA:44,0
DA:49,0
DA:51,0
DA:52,0
DA:53,0
DA:54,0
DA:57,0
DA:58,0
DA:59,0
DA:60,0
DA:64,0
DA:65,0
DA:66,0
DA:67,0
DA:73,0
DA:77,0
DA:78,0
DA:79,0
DA:80,0
DA:83,0
DA:84,0
DA:85,0
DA:86,0
DA:88,0
DA:91,0
DA:92,0
DA:93,0
DA:94,0
DA:98,0
DA:99,0
DA:100,0
DA:101,0
DA:107,0
DA:111,0
DA:112,0
DA:113,0
DA:114,0
DA:117,0
DA:118,0
DA:119,0
DA:121,0
DA:124,0
DA:125,0
DA:126,0
DA:127,0
DA:131,0
DA:132,0
DA:133,0
DA:134,0
DA:140,0
DA:144,0
DA:145,0
DA:146,0
DA:147,0
DA:150,0
DA:151,0
DA:152,0
DA:154,0
DA:155,0
DA:156,0
DA:158,0
DA:159,0
DA:160,0
DA:161,0
DA:165,0
DA:166,0
DA:167,0
DA:168,0
LF:82
LH:0
end_of_record
SF:lib\features\favorite\data\model\favorite_api_model.dart
DA:8,0
DA:9,0
DA:19,0
DA:21,0
DA:34,0
DA:35,0
DA:36,0
DA:37,0
DA:38,0
DA:39,0
DA:45,0
DA:46,0
DA:47,0
DA:48,0
DA:49,0
DA:54,0
DA:55,0
DA:56,0
DA:57,0
DA:61,0
DA:62,0
DA:63,0
DA:64,0
DA:68,0
DA:69,0
DA:71,0
DA:72,0
LF:27
LH:0
end_of_record
SF:lib\features\favorite\domain\entity\favorite_entity.dart
DA:9,1
DA:11,0
DA:12,0
LF:3
LH:1
end_of_record
SF:lib\features\favorite\data\repository\favorite_remote_repository.dart
DA:8,0
DA:9,0
DA:10,0
DA:17,0
DA:19,0
DA:21,0
DA:24,0
DA:26,0
DA:29,0
DA:31,0
DA:34,0
DA:36,0
LF:12
LH:0
end_of_record
SF:lib\features\favorite\domain\repository\favorite_repository.dart
DA:7,0
DA:8,0
LF:2
LH:0
end_of_record
SF:lib\features\favorite\domain\usecases\favorite_usecase.dart
DA:7,0
DA:8,0
DA:9,0
DA:16,0
DA:18,0
DA:19,0
DA:22,0
DA:23,0
DA:26,0
DA:27,0
DA:30,0
DA:31,0
LF:12
LH:0
end_of_record
SF:lib\features\favorite\presentation\state\favorite_state.dart
DA:11,1
DA:20,1
DA:21,1
DA:22,1
DA:30,1
DA:37,1
DA:38,1
DA:39,0
DA:40,1
DA:41,1
DA:42,1
DA:43,1
LF:12
LH:11
end_of_record
SF:lib\features\favorite\presentation\view\favorite_view.dart
DA:12,0
DA:14,0
DA:15,0
DA:19,0
DA:20,0
DA:23,0
DA:25,0
DA:27,0
DA:28,0
DA:29,0
DA:30,0
DA:33,0
DA:34,0
DA:37,0
DA:38,0
DA:40,0
DA:42,0
DA:43,0
DA:45,0
DA:46,0
DA:47,0
DA:48,0
DA:52,0
DA:59,0
DA:60,0
DA:63,0
DA:69,0
DA:70,0
DA:71,0
DA:73,0
DA:74,0
DA:76,0
DA:77,0
DA:78,0
DA:81,0
DA:90,0
LF:36
LH:0
end_of_record
SF:lib\features\favorite\presentation\view_model\favorite_view_model.dart
DA:7,2
DA:8,1
DA:9,0
DA:10,0
DA:15,3
DA:16,1
DA:21,0
DA:22,0
DA:23,0
DA:26,1
DA:28,3
DA:29,1
DA:30,2
DA:31,1
DA:32,1
DA:35,2
DA:36,1
DA:37,0
DA:38,0
DA:39,0
DA:40,0
DA:42,1
DA:43,1
DA:44,0
DA:47,3
DA:49,2
DA:57,0
DA:61,0
DA:62,0
DA:63,0
DA:64,0
DA:65,0
DA:66,0
DA:67,0
DA:68,0
DA:70,0
DA:71,0
DA:76,1
DA:77,3
DA:78,2
DA:79,1
DA:80,0
DA:81,0
DA:82,0
DA:83,0
DA:85,1
DA:86,3
DA:87,1
DA:90,0
DA:93,0
DA:94,0
DA:95,0
DA:96,0
DA:97,0
DA:98,0
DA:99,0
DA:100,0
DA:102,0
DA:103,0
DA:104,0
DA:107,0
LF:61
LH:23
end_of_record
SF:lib\features\genre\data\data_source\remote\genre_remote_data_source.dart
DA:11,3
DA:12,2
DA:13,2
DA:14,2
DA:15,2
DA:24,1
DA:30,1
DA:34,2
DA:35,0
DA:36,0
DA:37,0
DA:40,0
DA:41,0
DA:42,0
DA:44,0
DA:49,0
DA:51,0
DA:52,0
DA:53,0
DA:54,0
DA:61,0
DA:62,0
DA:63,0
DA:64,0
DA:68,0
DA:69,0
DA:70,0
DA:71,0
LF:28
LH:8
end_of_record
SF:lib\features\genre\data\model\genre_model.dart
DA:6,3
DA:7,2
DA:16,0
DA:21,1
DA:26,0
DA:27,0
DA:28,0
DA:29,0
DA:34,0
DA:35,0
DA:36,0
DA:41,0
DA:42,0
DA:43,0
DA:47,0
DA:48,0
DA:49,0
DA:53,0
DA:54,0
DA:56,0
DA:57,0
LF:21
LH:3
end_of_record
SF:lib\features\genre\data\repository\genre_remote_repository.dart
DA:8,3
DA:9,2
DA:10,2
DA:17,1
DA:19,1
DA:21,2
LF:6
LH:6
end_of_record
SF:lib\features\genre\domain\repository\genre_repository.dart
DA:7,4
DA:8,2
LF:2
LH:2
end_of_record
SF:lib\features\genre\domain\usecases\genre_usecase.dart
DA:7,3
DA:8,2
DA:9,2
DA:16,1
DA:19,1
DA:20,2
LF:6
LH:6
end_of_record
SF:lib\features\genre\presentation\state\genre_state.dart
DA:10,2
DA:18,2
DA:19,2
DA:20,2
DA:28,2
DA:35,2
DA:36,2
DA:37,0
DA:38,2
DA:39,2
DA:40,2
LF:11
LH:10
end_of_record
SF:lib\features\genre\presentation\view\genre_view.dart
DA:13,0
DA:15,0
DA:16,0
DA:22,0
DA:24,0
DA:25,0
DA:26,0
DA:29,0
DA:31,0
DA:32,0
DA:35,0
DA:36,0
DA:37,0
DA:38,0
DA:42,0
DA:43,0
DA:46,0
DA:47,0
DA:50,0
DA:51,0
DA:54,0
DA:56,0
DA:57,0
DA:59,0
DA:60,0
DA:61,0
DA:65,0
DA:70,0
DA:71,0
DA:74,0
DA:75,0
DA:76,0
DA:77,0
DA:78,0
DA:88,0
DA:89,0
DA:93,0
DA:94,0
DA:96,0
DA:98,0
DA:99,0
DA:100,0
DA:101,0
DA:105,0
DA:106,0
DA:109,0
DA:115,0
DA:116,0
DA:122,0
DA:123,0
DA:126,0
DA:127,0
DA:128,0
DA:135,0
DA:136,0
DA:142,0
DA:143,0
DA:175,0
DA:176,0
LF:59
LH:0
end_of_record
SF:lib\features\song\presentation\viewmodel\genre_song_view_model.dart
DA:7,0
DA:8,0
DA:9,0
DA:10,0
DA:15,0
DA:16,0
DA:22,0
DA:23,0
DA:24,0
DA:27,0
DA:28,0
DA:30,0
DA:32,0
DA:33,0
DA:34,0
DA:37,0
DA:38,0
DA:39,0
DA:40,0
DA:43,0
DA:45,0
DA:47,0
DA:48,0
DA:49,0
DA:55,0
DA:57,0
DA:60,0
DA:66,0
DA:68,0
DA:70,0
LF:30
LH:0
end_of_record
SF:lib\features\genre\presentation\viewmodel\genre_view_model.dart
DA:7,6
DA:8,1
DA:9,3
DA:14,6
DA:15,2
DA:20,0
DA:21,0
DA:22,0
DA:26,2
DA:28,6
DA:29,2
DA:30,4
DA:31,2
DA:32,2
DA:35,4
DA:36,1
DA:37,0
DA:38,0
DA:39,0
DA:40,0
DA:42,1
DA:43,1
DA:44,0
DA:47,3
DA:49,2
DA:57,0
LF:26
LH:17
end_of_record
SF:lib\features\search\presentation\view\search_view.dart
DA:12,0
DA:14,0
DA:16,0
DA:18,0
DA:19,0
DA:23,0
DA:24,0
DA:26,0
DA:32,0
DA:38,0
DA:39,0
DA:40,0
DA:42,0
DA:49,0
DA:50,0
DA:59,0
DA:80,0
DA:82,0
DA:83,0
DA:84,0
DA:85,0
DA:88,0
DA:89,0
DA:91,0
DA:93,0
DA:95,0
DA:96,0
DA:98,0
DA:100,0
DA:101,0
DA:106,0
DA:107,0
DA:111,0
DA:113,0
LF:34
LH:0
end_of_record
SF:lib\features\song\presentation\viewmodel\popular_song_view_model.dart
DA:7,3
DA:8,1
DA:9,3
DA:14,3
DA:15,1
DA:20,0
DA:21,0
DA:22,0
DA:26,1
DA:28,3
DA:29,1
DA:30,2
DA:31,1
DA:32,1
DA:35,2
DA:36,0
DA:37,0
DA:38,0
DA:39,0
DA:40,0
DA:42,0
DA:43,0
DA:44,0
DA:47,0
DA:49,0
DA:57,0
LF:26
LH:12
end_of_record
SF:lib\features\song\presentation\viewmodel\song_view_model.dart
DA:7,6
DA:8,1
DA:9,3
DA:14,6
DA:15,2
DA:20,0
DA:21,0
DA:22,0
DA:26,2
DA:28,6
DA:29,2
DA:30,4
DA:31,2
DA:32,2
DA:35,4
DA:36,1
DA:37,0
DA:38,0
DA:39,0
DA:40,0
DA:42,1
DA:43,1
DA:44,0
DA:47,3
DA:49,2
DA:57,0
LF:26
LH:17
end_of_record
SF:lib\features\song\presentation\viewmodel\trending_song_view_model.dart
DA:7,3
DA:8,1
DA:9,3
DA:14,3
DA:15,1
DA:20,0
DA:21,0
DA:22,0
DA:26,1
DA:28,3
DA:29,1
DA:30,2
DA:31,1
DA:32,1
DA:35,2
DA:36,0
DA:37,0
DA:38,0
DA:39,0
DA:40,0
DA:42,0
DA:43,0
DA:44,0
DA:47,0
DA:49,0
DA:57,0
LF:26
LH:12
end_of_record
SF:lib\features\playlist\presentation\view\playlist_view.dart
DA:16,0
DA:18,0
DA:19,0
DA:23,0
DA:24,0
DA:27,0
DA:28,0
DA:29,0
DA:30,0
DA:31,0
DA:32,0
DA:33,0
DA:34,0
DA:41,0
DA:42,0
DA:45,0
DA:46,0
DA:47,0
DA:48,0
DA:49,0
DA:50,0
DA:51,0
DA:76,0
DA:77,0
DA:78,0
DA:81,0
DA:83,0
DA:84,0
DA:86,0
DA:87,0
DA:88,0
DA:89,0
DA:91,0
DA:95,0
DA:97,0
DA:98,0
DA:99,0
DA:100,0
DA:102,0
DA:105,0
DA:106,0
DA:107,0
DA:108,0
DA:109,0
DA:114,0
DA:115,0
DA:118,0
DA:124,0
DA:126,0
DA:127,0
DA:128,0
DA:129,0
DA:130,0
DA:133,0
DA:149,0
DA:151,0
DA:152,0
DA:158,0
DA:159,0
LF:59
LH:0
end_of_record
SF:lib\features\playlist\presentation\view_model\playlist_view_model.dart
DA:7,2
DA:8,1
DA:9,0
DA:10,0
DA:15,3
DA:16,1
DA:21,0
DA:22,0
DA:23,0
DA:26,1
DA:28,3
DA:29,1
DA:30,2
DA:31,1
DA:32,1
DA:35,2
DA:36,1
DA:37,0
DA:38,0
DA:39,0
DA:40,0
DA:42,1
DA:43,1
DA:44,3
DA:47,3
DA:49,2
DA:57,0
DA:61,0
DA:62,0
DA:63,0
DA:64,0
DA:65,0
DA:66,0
DA:67,0
DA:68,0
DA:70,0
DA:71,0
DA:76,0
DA:77,0
DA:78,0
DA:79,0
DA:80,0
DA:81,0
DA:82,0
DA:83,0
DA:85,0
DA:86,0
DA:87,0
DA:90,0
DA:93,0
DA:94,0
DA:95,0
DA:96,0
DA:97,0
DA:98,0
DA:99,0
DA:100,0
DA:102,0
DA:103,0
DA:104,0
DA:107,0
DA:110,1
DA:111,3
DA:112,2
DA:113,1
DA:114,0
DA:115,0
DA:116,0
DA:117,0
DA:119,1
DA:120,3
DA:121,1
DA:124,0
DA:127,0
DA:128,0
DA:129,0
DA:130,0
DA:131,0
DA:132,0
DA:133,0
DA:134,0
DA:136,0
DA:137,0
DA:138,0
DA:141,0
LF:85
LH:24
end_of_record
SF:lib\features\playlist\presentation\view\playlist_dialog_view.dart
DA:9,0
DA:14,0
DA:16,0
DA:18,0
DA:19,0
DA:23,0
DA:24,0
DA:30,0
DA:32,0
DA:34,0
DA:35,0
DA:37,0
DA:39,0
DA:46,0
DA:48,0
DA:49,0
DA:50,0
DA:51,0
DA:52,0
DA:54,0
DA:55,0
DA:56,0
DA:58,0
DA:64,0
DA:65,0
DA:66,0
DA:71,0
DA:72,0
DA:73,0
DA:80,0
DA:82,0
DA:84,0
DA:85,0
DA:86,0
DA:87,0
DA:89,0
DA:91,0
LF:37
LH:0
end_of_record
SF:lib\features\playlist\data\data_source\playlist_remote_data_source.dart
DA:11,0
DA:12,0
DA:13,0
DA:14,0
DA:15,0
DA:23,0
DA:28,0
DA:33,0
DA:34,0
DA:35,0
DA:36,0
DA:39,0
DA:41,0
DA:42,0
DA:44,0
DA:49,0
DA:51,0
DA:52,0
DA:53,0
DA:54,0
DA:57,0
DA:58,0
DA:59,0
DA:60,0
DA:64,0
DA:65,0
DA:66,0
DA:67,0
DA:73,0
DA:78,0
DA:79,0
DA:80,0
DA:81,0
DA:84,0
DA:85,0
DA:86,0
DA:87,0
DA:89,0
DA:92,0
DA:93,0
DA:94,0
DA:95,0
DA:99,0
DA:100,0
DA:101,0
DA:102,0
DA:108,0
DA:112,0
DA:113,0
DA:114,0
DA:115,0
DA:118,0
DA:119,0
DA:120,0
DA:121,0
DA:123,0
DA:126,0
DA:127,0
DA:128,0
DA:129,0
DA:133,0
DA:134,0
DA:135,0
DA:136,0
DA:142,0
DA:147,0
DA:148,0
DA:149,0
DA:150,0
DA:153,0
DA:154,0
DA:155,0
DA:156,0
DA:158,0
DA:161,0
DA:162,0
DA:163,0
DA:164,0
DA:168,0
DA:169,0
DA:170,0
DA:171,0
DA:177,0
DA:181,0
DA:182,0
DA:183,0
DA:184,0
DA:188,0
DA:189,0
DA:190,0
DA:192,0
DA:195,0
DA:196,0
DA:197,0
DA:198,0
DA:202,0
DA:203,0
DA:204,0
DA:205,0
DA:211,0
DA:215,0
DA:216,0
DA:217,0
DA:218,0
DA:221,0
DA:222,0
DA:223,0
DA:225,0
DA:226,0
DA:227,0
DA:229,0
DA:230,0
DA:231,0
DA:232,0
DA:236,0
DA:237,0
DA:238,0
DA:239,0
LF:118
LH:0
end_of_record
SF:lib\features\playlist\data\model\playlist_api_model.dart
DA:7,0
DA:8,0
DA:20,0
DA:23,0
DA:31,0
DA:32,0
DA:33,0
DA:34,0
DA:35,0
DA:36,0
DA:37,0
DA:38,0
DA:39,0
DA:43,0
DA:44,0
DA:45,0
DA:46,0
DA:47,0
DA:48,0
DA:49,0
DA:54,0
DA:55,0
DA:56,0
DA:57,0
DA:58,0
DA:59,0
DA:62,0
DA:63,0
DA:64,0
DA:65,0
DA:66,0
DA:67,0
DA:68,0
DA:69,0
DA:70,0
DA:71,0
DA:74,0
DA:75,0
DA:77,0
DA:78,0
LF:40
LH:0
end_of_record
SF:lib\features\playlist\domain\entity\playlist_entity.dart
DA:11,1
DA:13,0
DA:14,0
LF:3
LH:1
end_of_record
SF:lib\features\playlist\data\repository\playlist_remote_repository.dart
DA:8,0
DA:9,0
DA:10,0
DA:17,0
DA:19,0
DA:21,0
DA:24,0
DA:27,0
DA:30,0
DA:32,0
DA:35,0
DA:37,0
DA:40,0
DA:42,0
DA:45,0
DA:47,0
LF:16
LH:0
end_of_record
SF:lib\features\playlist\domain\repository\playlist_repository.dart
DA:7,0
DA:8,0
LF:2
LH:0
end_of_record
SF:lib\features\playlist\domain\usecases\playlist_usecase.dart
DA:7,0
DA:8,0
DA:9,0
DA:16,0
DA:18,0
DA:19,0
DA:22,0
DA:23,0
DA:26,0
DA:28,0
DA:31,0
DA:32,0
DA:35,0
DA:36,0
DA:39,0
DA:40,0
LF:16
LH:0
end_of_record
SF:lib\features\playlist\presentation\state\playlist_state.dart
DA:11,1
DA:20,1
DA:21,1
DA:22,1
DA:30,1
DA:37,1
DA:38,1
DA:39,0
DA:40,1
DA:41,1
DA:42,1
DA:43,1
LF:12
LH:11
end_of_record
SF:lib\features\playlist\presentation\view\create_playlist_dialog_view.dart
DA:6,0
DA:8,0
DA:9,0
DA:16,0
DA:18,0
DA:19,0
DA:20,0
DA:21,0
DA:22,0
DA:24,0
DA:25,0
DA:26,0
DA:27,0
DA:28,0
DA:29,0
DA:38,0
DA:39,0
DA:40,0
DA:41,0
DA:43,0
DA:45,0
DA:46,0
DA:47,0
DA:48,0
DA:49,0
DA:52,0
LF:26
LH:0
end_of_record
SF:lib\features\playlist\presentation\view\edit_playlist_dialog_view.dart
DA:7,0
DA:9,0
DA:10,0
DA:17,0
DA:19,0
DA:20,0
DA:23,0
DA:25,0
DA:26,0
DA:29,0
DA:31,0
DA:32,0
DA:33,0
DA:34,0
DA:35,0
DA:37,0
DA:38,0
DA:39,0
DA:40,0
DA:41,0
DA:42,0
DA:51,0
DA:52,0
DA:53,0
DA:54,0
DA:56,0
DA:58,0
DA:59,0
DA:60,0
DA:61,0
DA:62,0
DA:65,0
LF:32
LH:0
end_of_record
SF:lib\features\playlist\presentation\view\playlist_detail_view.dart
DA:10,0
DA:12,0
DA:13,0
DA:24,0
DA:26,0
DA:27,0
DA:28,0
DA:31,0
DA:32,0
DA:33,0
DA:35,0
DA:36,0
DA:37,0
DA:41,0
DA:42,0
DA:43,0
DA:47,0
DA:48,0
DA:49,0
DA:54,0
DA:55,0
DA:56,0
DA:58,0
DA:62,0
DA:63,0
DA:66,0
DA:67,0
DA:68,0
DA:69,0
DA:70,0
DA:71,0
DA:76,0
DA:77,0
DA:78,0
DA:79,0
DA:80,0
DA:81,0
DA:86,0
DA:87,0
DA:88,0
DA:89,0
DA:90,0
DA:91,0
DA:92,0
DA:97,0
DA:99,0
DA:100,0
DA:103,0
DA:105,0
DA:106,0
DA:107,0
DA:110,0
DA:111,0
DA:112,0
DA:113,0
DA:115,0
DA:124,0
DA:126,0
DA:127,0
DA:128,0
DA:129,0
DA:130,0
DA:131,0
DA:136,0
DA:137,0
DA:140,0
DA:147,0
DA:148,0
DA:150,0
DA:151,0
DA:152,0
DA:153,0
DA:160,0
DA:161,0
DA:162,0
DA:167,0
DA:168,0
DA:169,0
DA:181,0
DA:183,0
DA:184,0
DA:185,0
DA:189,0
DA:190,0
DA:191,0
DA:192,0
DA:198,0
DA:200,0
DA:201,0
DA:202,0
DA:203,0
DA:204,0
DA:205,0
DA:209,0
DA:210,0
DA:213,0
DA:218,0
DA:221,0
DA:226,0
DA:227,0
DA:228,0
DA:238,0
DA:239,0
DA:240,0
DA:245,0
DA:246,0
DA:248,0
DA:249,0
DA:250,0
DA:257,0
DA:258,0
DA:262,0
DA:264,0
DA:265,0
DA:266,0
DA:268,0
DA:271,0
DA:273,0
DA:275,0
DA:277,0
DA:278,0
DA:279,0
DA:283,0
DA:285,0
DA:287,0
DA:296,0
DA:300,0
DA:301,0
DA:302,0
DA:306,0
DA:307,0
DA:308,0
DA:318,0
DA:319,0
DA:320,0
DA:326,0
DA:327,0
DA:328,0
DA:330,0
DA:331,0
DA:334,0
DA:335,0
DA:336,0
DA:341,0
DA:342,0
DA:344,0
DA:345,0
DA:346,0
DA:347,0
DA:348,0
DA:349,0
DA:350,0
DA:351,0
DA:352,0
DA:357,0
DA:358,0
DA:361,0
DA:367,0
DA:368,0
DA:371,0
DA:372,0
DA:373,0
DA:375,0
DA:377,0
DA:378,0
DA:379,0
DA:380,0
LF:167
LH:0
end_of_record
SF:lib\features\profile\data\data_source\user_remote_data_source.dart
DA:10,0
DA:11,0
DA:12,0
DA:13,0
DA:21,0
DA:23,0
DA:27,0
DA:28,0
DA:29,0
DA:30,0
DA:32,0
DA:34,0
DA:35,0
DA:36,0
DA:37,0
DA:38,0
DA:40,0
DA:41,0
DA:45,0
DA:49,0
DA:50,0
DA:51,0
DA:52,0
DA:54,0
DA:58,0
DA:59,0
DA:60,0
DA:61,0
DA:62,0
DA:69,0
DA:74,0
DA:75,0
DA:76,0
DA:77,0
DA:80,0
DA:82,0
DA:86,0
DA:87,0
DA:90,0
DA:93,0
DA:94,0
DA:95,0
DA:96,0
DA:100,0
DA:101,0
DA:102,0
DA:103,0
DA:104,0
LF:48
LH:0
end_of_record
SF:lib\features\profile\domain\entity\user_entity.dart
DA:16,1
DA:30,0
DA:32,0
LF:3
LH:1
end_of_record
SF:lib\features\profile\data\repository\user_remote_repository.dart
DA:8,0
DA:9,0
DA:10,0
DA:17,0
DA:19,0
DA:21,0
DA:24,0
DA:27,0
LF:8
LH:0
end_of_record
SF:lib\features\profile\domain\repository\user_repository.dart
DA:7,0
DA:8,0
LF:2
LH:0
end_of_record
SF:lib\features\profile\domain\usecases\user_usecase.dart
DA:11,0
DA:12,0
DA:18,0
DA:20,0
DA:21,0
DA:24,0
DA:26,0
LF:7
LH:0
end_of_record
SF:lib\features\profile\presentation\state\current_user_state.dart
DA:9,1
DA:16,1
DA:17,1
DA:20,1
DA:26,1
DA:27,0
DA:28,1
DA:29,1
DA:30,1
DA:34,0
DA:35,0
LF:11
LH:8
end_of_record
SF:lib\features\profile\presentation\state\user_state.dart
DA:5,1
DA:10,1
DA:11,1
DA:14,1
DA:15,1
DA:16,0
DA:17,1
DA:21,0
DA:22,0
LF:9
LH:6
end_of_record
SF:lib\features\profile\presentation\view\change_password_view.dart
DA:7,9
DA:9,1
DA:10,1
DA:23,1
DA:25,1
DA:26,1
DA:31,1
DA:33,1
DA:34,1
DA:36,1
DA:45,1
DA:47,1
DA:48,1
DA:49,1
DA:53,1
DA:54,1
DA:55,1
DA:57,1
DA:58,0
DA:59,0
DA:60,0
DA:63,1
DA:64,1
DA:71,1
DA:72,1
DA:74,1
DA:75,0
DA:76,0
DA:77,0
DA:80,1
DA:81,1
DA:84,2
DA:91,1
DA:92,1
DA:94,1
DA:95,0
DA:96,0
DA:97,0
DA:100,1
DA:101,1
DA:104,3
DA:111,1
DA:112,1
DA:114,1
DA:115,1
DA:116,3
DA:118,9
DA:121,1
DA:123,1
DA:124,1
DA:150,1
DA:157,1
DA:161,1
DA:165,1
DA:166,1
DA:167,1
DA:171,1
DA:172,1
LF:58
LH:49
end_of_record
SF:lib\features\profile\presentation\viewmodel\user_view_model.dart
DA:8,4
DA:9,2
DA:10,0
DA:14,3
DA:18,0
DA:19,0
DA:22,0
DA:23,0
DA:24,0
DA:25,0
DA:26,0
DA:27,0
DA:28,0
DA:30,0
DA:31,0
DA:32,0
DA:38,1
DA:39,3
DA:40,4
DA:41,1
DA:42,0
DA:43,0
DA:44,0
DA:46,1
DA:47,3
DA:48,1
LF:26
LH:10
end_of_record
SF:lib\features\profile\presentation\view\edit_profile_view.dart
DA:14,9
DA:16,1
DA:17,1
DA:32,1
DA:34,1
DA:35,3
DA:37,1
DA:38,0
DA:39,0
DA:40,0
DA:41,0
DA:42,0
DA:43,0
DA:47,0
DA:48,0
DA:49,0
DA:50,0
DA:52,0
DA:53,0
DA:58,0
DA:60,0
DA:62,0
DA:63,0
DA:65,0
DA:68,0
DA:69,0
DA:70,0
DA:75,0
DA:76,0
DA:77,0
DA:78,0
DA:79,0
DA:80,0
DA:83,0
DA:84,0
DA:89,1
DA:91,3
DA:92,1
DA:102,0
DA:103,0
DA:108,0
DA:110,0
DA:111,0
DA:112,0
DA:114,0
DA:115,0
DA:116,0
DA:117,0
DA:119,0
DA:120,0
DA:122,0
DA:123,0
DA:124,0
DA:125,0
DA:126,0
DA:130,0
DA:132,0
DA:135,0
DA:136,0
DA:145,0
DA:146,0
DA:155,0
DA:157,0
DA:160,0
DA:161,0
DA:162,0
DA:163,0
DA:164,0
DA:165,0
DA:172,0
DA:173,0
DA:174,0
DA:175,0
DA:192,0
DA:193,0
DA:194,0
DA:195,0
DA:196,0
DA:199,0
DA:202,0
DA:205,0
DA:207,0
DA:209,0
DA:221,0
DA:224,0
DA:227,0
DA:230,0
DA:231,0
DA:239,0
DA:240,0
DA:241,0
DA:243,0
DA:245,0
DA:247,0
DA:249,0
DA:250,0
DA:255,0
DA:256,0
DA:264,0
DA:265,0
DA:266,0
DA:268,0
DA:269,0
DA:274,0
DA:275,0
DA:276,0
DA:278,0
DA:280,0
DA:281,0
DA:282,0
DA:283,0
DA:284,0
DA:287,0
DA:291,0
DA:292,0
DA:295,0
DA:296,0
DA:298,0
DA:299,0
DA:303,0
DA:304,0
DA:305,0
DA:306,0
DA:307,0
DA:308,0
DA:309,0
DA:312,0
DA:313,0
LF:128
LH:10
end_of_record
SF:lib\features\profile\presentation\viewmodel\profile_view_model.dart
DA:9,3
DA:10,1
DA:11,3
DA:16,3
DA:17,1
DA:22,0
DA:23,0
DA:24,0
DA:27,1
DA:28,3
DA:29,3
DA:30,0
DA:31,0
DA:32,0
DA:33,0
DA:35,0
DA:36,0
DA:37,0
DA:43,0
DA:44,0
DA:45,0
DA:46,0
DA:47,0
DA:48,0
DA:50,0
DA:51,0
DA:52,0
DA:53,0
DA:54,0
LF:29
LH:8
end_of_record
SF:lib\app\themes\app_theme.dart
DA:5,0
DA:7,3
DA:8,3
DA:35,3
DA:36,3
DA:45,3
DA:46,3
DA:52,3
DA:54,6
DA:59,3
DA:60,3
DA:65,3
DA:66,3
DA:70,3
DA:71,3
LF:15
LH:14
end_of_record
